<?xml version="1.0" encoding="UTF-8"?>
<testng-results skipped="0" failed="0" ignored="0" total="1" passed="1">
  <reporter-output>
  </reporter-output>
  <suite name="Default suite" duration-ms="25678" started-at="2021-12-20T20:19:37 IST" finished-at="2021-12-20T20:20:03 IST">
    <groups>
    </groups>
    <test name="Default test" duration-ms="25678" started-at="2021-12-20T20:19:37 IST" finished-at="2021-12-20T20:20:03 IST">
      <class name="com.test.pagefactory.LoginPage_PF">
        <test-method status="PASS" signature="TestValidLogin()[pri:0, instance:com.test.pagefactory.LoginPage_PF@1060b431]" name="TestValidLogin" duration-ms="25611" started-at="2021-12-20T20:19:37 IST" finished-at="2021-12-20T20:20:03 IST">
          <reporter-output>
          </reporter-output>
        </test-method> <!-- TestValidLogin -->
      </class> <!-- com.test.pagefactory.LoginPage_PF -->
    </test> <!-- Default test -->
  </suite> <!-- Default suite -->
</testng-results>
